<?xml version="1.0" encoding="UTF-8"?>
<!-- Generated by org.testng.reporters.JUnitReportReporter -->
<testsuite hostname="CU0763" failures="0" tests="2" name="com.emp.qa.testcases.LoginPageTest" time="30.560" errors="0" timestamp="2024-07-30T15:55:50 IST" skipped="0">
  <testcase classname="com.emp.qa.testcases.LoginPageTest" name="signinTest" time="15.023"/>
  <testcase classname="com.emp.qa.testcases.LoginPageTest" name="loginTest" time="15.537"/>
</testsuite> <!-- com.emp.qa.testcases.LoginPageTest -->
