<?xml version="1.0" encoding="UTF-8"?>
<!-- Generated by org.testng.reporters.JUnitReportReporter -->
<testsuite hostname="CU0763" failures="0" tests="2" name="com.emp.qa.testcases.LoginPageTest" time="43.436" errors="0" timestamp="2024-08-13T10:10:10 IST" skipped="0">
  <testcase classname="com.emp.qa.testcases.LoginPageTest" name="signinTest" time="28.774"/>
  <testcase classname="com.emp.qa.testcases.LoginPageTest" name="loginTest" time="14.662"/>
</testsuite> <!-- com.emp.qa.testcases.LoginPageTest -->
