<?xml version="1.0" encoding="UTF-8"?>
<!-- Generated by org.testng.reporters.JUnitReportReporter -->
<testsuite hostname="CU0763" failures="0" tests="4" name="com.emp.qa.testcases.JobDetailsPageTest" time="125.702" errors="0" timestamp="2024-08-12T17:31:28 IST" skipped="0">
  <testcase classname="com.emp.qa.testcases.JobDetailsPageTest" name="clickOnPostMenuTest" time="25.745"/>
  <testcase classname="com.emp.qa.testcases.JobDetailsPageTest" name="clickOnSubjectMenuTest" time="33.952"/>
  <testcase classname="com.emp.qa.testcases.JobDetailsPageTest" name="clickOnCampusMenuTest" time="25.952"/>
  <testcase classname="com.emp.qa.testcases.JobDetailsPageTest" name="SaveJobDetailsTest" time="40.053"/>
</testsuite> <!-- com.emp.qa.testcases.JobDetailsPageTest -->
