<?xml version="1.0" encoding="UTF-8"?>
<!-- Generated by org.testng.reporters.JUnitReportReporter -->
<testsuite hostname="CU0763" failures="0" tests="3" name="com.emp.qa.testcases.JobDetailsPageTest" time="140.523" errors="0" timestamp="2024-08-13T17:34:40 IST" skipped="0">
  <testcase classname="com.emp.qa.testcases.JobDetailsPageTest" name="clickOnMenuTest" time="47.247"/>
  <testcase classname="com.emp.qa.testcases.JobDetailsPageTest" name="clickOnMenuTest" time="44.827"/>
  <testcase classname="com.emp.qa.testcases.JobDetailsPageTest" name="clickOnMenuTest" time="48.449"/>
</testsuite> <!-- com.emp.qa.testcases.JobDetailsPageTest -->
