<?xml version="1.0" encoding="UTF-8"?>
<!-- Generated by org.testng.reporters.JUnitReportReporter -->
<testsuite hostname="CU0763" failures="0" tests="3" name="com.emp.qa.testcases.JobDetailsPageTest" time="155.157" errors="0" timestamp="2024-08-13T17:00:19 IST" skipped="0">
  <testcase classname="com.emp.qa.testcases.JobDetailsPageTest" name="clickOnPostMenuTest" time="49.556"/>
  <testcase classname="com.emp.qa.testcases.JobDetailsPageTest" name="clickOnPostMenuTest" time="57.176"/>
  <testcase classname="com.emp.qa.testcases.JobDetailsPageTest" name="clickOnPostMenuTest" time="48.425"/>
</testsuite> <!-- com.emp.qa.testcases.JobDetailsPageTest -->
